<?xml version="1.0" encoding="UTF-8"?>
<!-- Generated by org.testng.reporters.JUnitXMLReporter -->
<testsuite ignored="0" hostname="LAPTOP-30OCF8HK" failures="0" tests="3" name="Default test" time="0.761" errors="0" timestamp="2024-02-28T18:54:46 IST">
  <testcase classname="stepDefinitions.ManageAppointmentBlocks" name="loginTest" time="0.014"/>
  <testcase classname="stepDefinitions.ManageAppointmentBlocks" name="loginTest" time="0.001"/>
  <testcase classname="stepDefinitions.ManageAppointmentBlocks" name="loginTest" time="0.002"/>
</testsuite> <!-- Default test -->
