<?xml version="1.0" encoding="UTF-8"?>
<testng-results ignored="0" total="3" passed="3" failed="0" skipped="0">
  <reporter-output>
  </reporter-output>
  <suite started-at="2024-02-28T18:54:45 IST" name="Default suite" finished-at="2024-02-28T18:54:46 IST" duration-ms="761">
    <groups>
    </groups>
    <test started-at="2024-02-28T18:54:45 IST" name="Default test" finished-at="2024-02-28T18:54:46 IST" duration-ms="761">
      <class name="stepDefinitions.ManageAppointmentBlocks">
        <test-method signature="loginTest(java.lang.String,java.lang.String)[pri:0, instance:stepDefinitions.ManageAppointmentBlocks@611df6e3]" started-at="2024-02-28T18:54:46 IST" name="loginTest" data-provider="loginData" finished-at="2024-02-28T18:54:46 IST" duration-ms="14" status="PASS">
          <params>
            <param index="0">
              <value>
                <![CDATA[admin]]>
              </value>
            </param>
            <param index="1">
              <value>
                <![CDATA[Admin123]]>
              </value>
            </param>
          </params>
          <reporter-output>
          </reporter-output>
        </test-method> <!-- loginTest -->
        <test-method signature="loginTest(java.lang.String,java.lang.String)[pri:0, instance:stepDefinitions.ManageAppointmentBlocks@611df6e3]" started-at="2024-02-28T18:54:46 IST" name="loginTest" data-provider="loginData" finished-at="2024-02-28T18:54:46 IST" duration-ms="1" status="PASS">
          <params>
            <param index="0">
              <value>
                <![CDATA[Admin]]>
              </value>
            </param>
            <param index="1">
              <value>
                <![CDATA[admin1230]]>
              </value>
            </param>
          </params>
          <reporter-output>
          </reporter-output>
        </test-method> <!-- loginTest -->
        <test-method signature="loginTest(java.lang.String,java.lang.String)[pri:0, instance:stepDefinitions.ManageAppointmentBlocks@611df6e3]" started-at="2024-02-28T18:54:46 IST" name="loginTest" data-provider="loginData" finished-at="2024-02-28T18:54:46 IST" duration-ms="2" status="PASS">
          <params>
            <param index="0">
              <value>
                <![CDATA[admin]]>
              </value>
            </param>
            <param index="1">
              <value>
                <![CDATA[adminj1]]>
              </value>
            </param>
          </params>
          <reporter-output>
          </reporter-output>
        </test-method> <!-- loginTest -->
      </class> <!-- stepDefinitions.ManageAppointmentBlocks -->
    </test> <!-- Default test -->
  </suite> <!-- Default suite -->
</testng-results>
